{"/Users/pablo/Projects/90poe/graphql-application/frontend/src/App/index.tsx": {"path":"/Users/pablo/Projects/90poe/graphql-application/frontend/src/App/index.tsx","statementMap":{"0":{"start":{"line":1,"column":0},"end":{"line":1,"column":42}},"1":{"start":{"line":2,"column":0},"end":{"line":2,"column":48}},"2":{"start":{"line":3,"column":0},"end":{"line":3,"column":44}},"3":{"start":{"line":5,"column":0},"end":{"line":5,"column":50}},"4":{"start":{"line":6,"column":0},"end":{"line":6,"column":70}},"5":{"start":{"line":7,"column":0},"end":{"line":7,"column":50}},"6":{"start":{"line":8,"column":0},"end":{"line":8,"column":42}},"7":{"start":{"line":9,"column":0},"end":{"line":9,"column":30}},"8":{"start":{"line":35,"column":23},"end":{"line":35,"column":25}},"9":{"start":{"line":36,"column":34},"end":{"line":36,"column":35}},"10":{"start":{"line":39,"column":42},"end":{"line":39,"column":72}},"11":{"start":{"line":40,"column":38},"end":{"line":40,"column":72}},"12":{"start":{"line":41,"column":40},"end":{"line":41,"column":69}},"13":{"start":{"line":42,"column":36},"end":{"line":42,"column":65}},"14":{"start":{"line":43,"column":40},"end":{"line":43,"column":55}},"15":{"start":{"line":44,"column":50},"end":{"line":44,"column":75}},"16":{"start":{"line":46,"column":44},"end":{"line":56,"column":null}},"17":{"start":{"line":59,"column":2},"end":{"line":81,"column":29}},"18":{"start":{"line":60,"column":4},"end":{"line":60,"column":28}},"19":{"start":{"line":61,"column":4},"end":{"line":80,"column":5}},"20":{"start":{"line":62,"column":38},"end":{"line":68,"column":9}},"21":{"start":{"line":62,"column":72},"end":{"line":68,"column":8}},"22":{"start":{"line":70,"column":6},"end":{"line":70,"column":29}},"23":{"start":{"line":71,"column":6},"end":{"line":76,"column":9}},"24":{"start":{"line":77,"column":6},"end":{"line":77,"column":56}},"25":{"start":{"line":78,"column":6},"end":{"line":78,"column":52}},"26":{"start":{"line":79,"column":6},"end":{"line":79,"column":30}},"27":{"start":{"line":83,"column":2},"end":{"line":85,"column":3}},"28":{"start":{"line":84,"column":4},"end":{"line":84,"column":40}},"29":{"start":{"line":88,"column":4},"end":{"line":88,"column":25}},"30":{"start":{"line":89,"column":4},"end":{"line":97,"column":9}},"31":{"start":{"line":93,"column":8},"end":{"line":93,"column":25}},"32":{"start":{"line":96,"column":8},"end":{"line":96,"column":30}},"33":{"start":{"line":101,"column":4},"end":{"line":101,"column":25}},"34":{"start":{"line":107,"column":8},"end":{"line":107,"column":59}},"35":{"start":{"line":108,"column":15},"end":{"line":108,"column":31}},"36":{"start":{"line":110,"column":4},"end":{"line":138,"column":5}},"37":{"start":{"line":112,"column":6},"end":{"line":117,"column":8}},"38":{"start":{"line":118,"column":6},"end":{"line":118,"column":34}},"39":{"start":{"line":119,"column":11},"end":{"line":138,"column":5}},"40":{"start":{"line":121,"column":6},"end":{"line":126,"column":8}},"41":{"start":{"line":127,"column":6},"end":{"line":127,"column":34}},"42":{"start":{"line":129,"column":32},"end":{"line":129,"column":69}},"43":{"start":{"line":130,"column":33},"end":{"line":130,"column":64}},"44":{"start":{"line":131,"column":6},"end":{"line":136,"column":8}},"45":{"start":{"line":137,"column":6},"end":{"line":137,"column":16}},"46":{"start":{"line":140,"column":4},"end":{"line":167,"column":44}},"47":{"start":{"line":144,"column":24},"end":{"line":144,"column":48}},"48":{"start":{"line":146,"column":8},"end":{"line":154,"column":9}},"49":{"start":{"line":147,"column":10},"end":{"line":147,"column":72}},"50":{"start":{"line":147,"column":59},"end":{"line":147,"column":69}},"51":{"start":{"line":148,"column":15},"end":{"line":154,"column":9}},"52":{"start":{"line":149,"column":10},"end":{"line":153,"column":12}},"53":{"start":{"line":151,"column":25},"end":{"line":151,"column":58}},"54":{"start":{"line":156,"column":8},"end":{"line":161,"column":11}},"55":{"start":{"line":162,"column":8},"end":{"line":162,"column":39}},"56":{"start":{"line":163,"column":8},"end":{"line":163,"column":62}},"57":{"start":{"line":164,"column":8},"end":{"line":164,"column":58}},"58":{"start":{"line":166,"column":22},"end":{"line":166,"column":42}},"59":{"start":{"line":167,"column":21},"end":{"line":167,"column":42}},"60":{"start":{"line":170,"column":2},"end":{"line":201,"column":4}},"61":{"start":{"line":204,"column":0},"end":{"line":204,"column":19}}},"fnMap":{"0":{"name":"App","decl":{"start":{"line":38,"column":9},"end":{"line":38,"column":12}},"loc":{"start":{"line":38,"column":12},"end":{"line":202,"column":1}}},"1":{"name":"(anonymous_1)","decl":{"start":{"line":59,"column":12},"end":{"line":59,"column":15}},"loc":{"start":{"line":59,"column":17},"end":{"line":81,"column":3}}},"2":{"name":"(anonymous_2)","decl":{"start":{"line":62,"column":61},"end":{"line":62,"column":62}},"loc":{"start":{"line":62,"column":72},"end":{"line":68,"column":8}}},"3":{"name":"handleSearch","decl":{"start":{"line":87,"column":11},"end":{"line":87,"column":23}},"loc":{"start":{"line":87,"column":36},"end":{"line":98,"column":3}}},"4":{"name":"(anonymous_4)","decl":{"start":{"line":92,"column":13},"end":{"line":92,"column":14}},"loc":{"start":{"line":92,"column":21},"end":{"line":94,"column":7}}},"5":{"name":"(anonymous_5)","decl":{"start":{"line":95,"column":15},"end":{"line":95,"column":18}},"loc":{"start":{"line":95,"column":20},"end":{"line":97,"column":7}}},"6":{"name":"handlePageClick","decl":{"start":{"line":100,"column":17},"end":{"line":100,"column":32}},"loc":{"start":{"line":100,"column":43},"end":{"line":168,"column":3}}},"7":{"name":"(anonymous_7)","decl":{"start":{"line":143,"column":12},"end":{"line":143,"column":13}},"loc":{"start":{"line":143,"column":20},"end":{"line":165,"column":7}}},"8":{"name":"(anonymous_8)","decl":{"start":{"line":147,"column":47},"end":{"line":147,"column":48}},"loc":{"start":{"line":147,"column":59},"end":{"line":147,"column":69}}},"9":{"name":"(anonymous_9)","decl":{"start":{"line":151,"column":14},"end":{"line":151,"column":15}},"loc":{"start":{"line":151,"column":25},"end":{"line":151,"column":58}}},"10":{"name":"(anonymous_10)","decl":{"start":{"line":166,"column":13},"end":{"line":166,"column":14}},"loc":{"start":{"line":166,"column":22},"end":{"line":166,"column":42}}},"11":{"name":"(anonymous_11)","decl":{"start":{"line":167,"column":15},"end":{"line":167,"column":18}},"loc":{"start":{"line":167,"column":21},"end":{"line":167,"column":42}}}},"branchMap":{"0":{"loc":{"start":{"line":61,"column":4},"end":{"line":80,"column":5}},"type":"if","locations":[{"start":{"line":61,"column":4},"end":{"line":80,"column":5}}]},"1":{"loc":{"start":{"line":61,"column":8},"end":{"line":61,"column":26}},"type":"binary-expr","locations":[{"start":{"line":61,"column":8},"end":{"line":61,"column":16}},{"start":{"line":61,"column":20},"end":{"line":61,"column":26}}]},"2":{"loc":{"start":{"line":83,"column":2},"end":{"line":85,"column":3}},"type":"if","locations":[{"start":{"line":83,"column":2},"end":{"line":85,"column":3}}]},"3":{"loc":{"start":{"line":110,"column":4},"end":{"line":138,"column":5}},"type":"if","locations":[{"start":{"line":110,"column":4},"end":{"line":138,"column":5}},{"start":{"line":119,"column":11},"end":{"line":138,"column":5}}]},"4":{"loc":{"start":{"line":119,"column":11},"end":{"line":138,"column":5}},"type":"if","locations":[{"start":{"line":119,"column":11},"end":{"line":138,"column":5}},{"start":{"line":128,"column":11},"end":{"line":138,"column":5}}]},"5":{"loc":{"start":{"line":146,"column":8},"end":{"line":154,"column":9}},"type":"if","locations":[{"start":{"line":146,"column":8},"end":{"line":154,"column":9}},{"start":{"line":148,"column":15},"end":{"line":154,"column":9}}]},"6":{"loc":{"start":{"line":148,"column":15},"end":{"line":154,"column":9}},"type":"if","locations":[{"start":{"line":148,"column":15},"end":{"line":154,"column":9}}]},"7":{"loc":{"start":{"line":177,"column":9},"end":{"line":197,"column":null}},"type":"cond-expr","locations":[{"start":{"line":178,"column":10},"end":{"line":180,"column":null}},{"start":{"line":183,"column":10},"end":{"line":196,"column":null}}]},"8":{"loc":{"start":{"line":184,"column":13},"end":{"line":195,"column":null}},"type":"cond-expr","locations":[{"start":{"line":185,"column":14},"end":{"line":192,"column":null}},{"start":{"line":195,"column":14},"end":{"line":195,"column":41}}]},"9":{"loc":{"start":{"line":187,"column":17},"end":{"line":191,"column":null}},"type":"binary-expr","locations":[{"start":{"line":187,"column":17},"end":{"line":187,"column":27}},{"start":{"line":188,"column":18},"end":{"line":190,"column":null}}]}},"s":{"0":1,"1":1,"2":1,"3":1,"4":1,"5":1,"6":1,"7":1,"8":1,"9":1,"10":8,"11":8,"12":8,"13":8,"14":8,"15":8,"16":8,"17":8,"18":4,"19":4,"20":1,"21":1,"22":1,"23":1,"24":1,"25":1,"26":1,"27":8,"28":0,"29":0,"30":0,"31":0,"32":0,"33":0,"34":0,"35":0,"36":0,"37":0,"38":0,"39":0,"40":0,"41":0,"42":0,"43":0,"44":0,"45":0,"46":0,"47":0,"48":0,"49":0,"50":0,"51":0,"52":0,"53":0,"54":0,"55":0,"56":0,"57":0,"58":0,"59":0,"60":8,"61":1},"f":{"0":8,"1":4,"2":1,"3":0,"4":0,"5":0,"6":0,"7":0,"8":0,"9":0,"10":0,"11":0},"b":{"0":[1],"1":[4,1],"2":[0],"3":[0,0],"4":[0,0],"5":[0,0],"6":[0],"7":[4,4],"8":[1,3],"9":[1,1]}}
,"/Users/pablo/Projects/90poe/graphql-application/frontend/src/components/TableList.tsx": {"path":"/Users/pablo/Projects/90poe/graphql-application/frontend/src/components/TableList.tsx","statementMap":{"0":{"start":{"line":2,"column":0},"end":{"line":2,"column":44}},"1":{"start":{"line":10,"column":2},"end":{"line":43,"column":null}},"2":{"start":{"line":23,"column":14},"end":{"line":23,"column":32}},"3":{"start":{"line":46,"column":0},"end":{"line":46,"column":null}}},"fnMap":{"0":{"name":"TableList","decl":{"start":{"line":8,"column":9},"end":{"line":8,"column":18}},"loc":{"start":{"line":8,"column":61},"end":{"line":44,"column":1}}},"1":{"name":"(anonymous_1)","decl":{"start":{"line":22,"column":33},"end":{"line":22,"column":34}},"loc":{"start":{"line":23,"column":14},"end":{"line":23,"column":32}}}},"branchMap":{"0":{"loc":{"start":{"line":23,"column":46},"end":{"line":23,"column":90}},"type":"cond-expr","locations":[{"start":{"line":23,"column":64},"end":{"line":23,"column":77}},{"start":{"line":23,"column":80},"end":{"line":23,"column":90}}]}},"s":{"0":1,"1":1,"2":1,"3":1},"f":{"0":1,"1":1},"b":{"0":[1,0]}}
,"/Users/pablo/Projects/90poe/graphql-application/frontend/src/components/Pagination/index.tsx": {"path":"/Users/pablo/Projects/90poe/graphql-application/frontend/src/components/Pagination/index.tsx","statementMap":{"0":{"start":{"line":2,"column":0},"end":{"line":2,"column":57}},"1":{"start":{"line":10,"column":15},"end":{"line":27,"column":null}},"2":{"start":{"line":11,"column":2},"end":{"line":26,"column":null}},"3":{"start":{"line":20,"column":6},"end":{"line":22,"column":7}},"4":{"start":{"line":21,"column":8},"end":{"line":21,"column":21}},"5":{"start":{"line":23,"column":6},"end":{"line":23,"column":35}},"6":{"start":{"line":36,"column":19},"end":{"line":53,"column":null}},"7":{"start":{"line":42,"column":2},"end":{"line":52,"column":null}},"8":{"start":{"line":50,"column":19},"end":{"line":50,"column":67}},"9":{"start":{"line":64,"column":19},"end":{"line":97,"column":1}},"10":{"start":{"line":71,"column":2},"end":{"line":96,"column":4}},"11":{"start":{"line":81,"column":8},"end":{"line":82,"column":null}},"12":{"start":{"line":99,"column":15},"end":{"line":109,"column":2}},"13":{"start":{"line":111,"column":0},"end":{"line":111,"column":26}}},"fnMap":{"0":{"name":"(anonymous_0)","decl":{"start":{"line":10,"column":15},"end":{"line":10,"column":16}},"loc":{"start":{"line":11,"column":2},"end":{"line":26,"column":null}}},"1":{"name":"(anonymous_1)","decl":{"start":{"line":19,"column":13},"end":{"line":19,"column":16}},"loc":{"start":{"line":19,"column":18},"end":{"line":24,"column":5}}},"2":{"name":"(anonymous_2)","decl":{"start":{"line":36,"column":19},"end":{"line":36,"column":20}},"loc":{"start":{"line":42,"column":2},"end":{"line":52,"column":null}}},"3":{"name":"(anonymous_3)","decl":{"start":{"line":50,"column":13},"end":{"line":50,"column":16}},"loc":{"start":{"line":50,"column":19},"end":{"line":50,"column":67}}},"4":{"name":"(anonymous_4)","decl":{"start":{"line":64,"column":19},"end":{"line":64,"column":20}},"loc":{"start":{"line":70,"column":22},"end":{"line":97,"column":1}}},"5":{"name":"(anonymous_5)","decl":{"start":{"line":80,"column":18},"end":{"line":80,"column":19}},"loc":{"start":{"line":81,"column":8},"end":{"line":82,"column":null}}}},"branchMap":{"0":{"loc":{"start":{"line":15,"column":6},"end":{"line":17,"column":null}},"type":"cond-expr","locations":[{"start":{"line":16,"column":10},"end":{"line":16,"column":47}},{"start":{"line":17,"column":10},"end":{"line":17,"column":null}}]},"1":{"loc":{"start":{"line":20,"column":6},"end":{"line":22,"column":7}},"type":"if","locations":[{"start":{"line":20,"column":6},"end":{"line":22,"column":7}}]},"2":{"loc":{"start":{"line":46,"column":6},"end":{"line":48,"column":null}},"type":"cond-expr","locations":[{"start":{"line":47,"column":10},"end":{"line":47,"column":52}},{"start":{"line":48,"column":10},"end":{"line":48,"column":null}}]},"3":{"loc":{"start":{"line":50,"column":33},"end":{"line":50,"column":66}},"type":"cond-expr","locations":[{"start":{"line":50,"column":60},"end":{"line":50,"column":62}},{"start":{"line":50,"column":65},"end":{"line":50,"column":66}}]}},"s":{"0":2,"1":2,"2":30,"3":1,"4":0,"5":1,"6":2,"7":12,"8":0,"9":2,"10":6,"11":30,"12":2,"13":2},"f":{"0":30,"1":1,"2":12,"3":0,"4":6,"5":30},"b":{"0":[6,24],"1":[0],"2":[5,7],"3":[0,0]}}
,"/Users/pablo/Projects/90poe/graphql-application/frontend/src/components/Search/index.tsx": {"path":"/Users/pablo/Projects/90poe/graphql-application/frontend/src/components/Search/index.tsx","statementMap":{"0":{"start":{"line":1,"column":0},"end":{"line":1,"column":46}},"1":{"start":{"line":6,"column":15},"end":{"line":43,"column":1}},"2":{"start":{"line":7,"column":38},"end":{"line":7,"column":50}},"3":{"start":{"line":8,"column":32},"end":{"line":8,"column":47}},"4":{"start":{"line":11,"column":4},"end":{"line":11,"column":38}},"5":{"start":{"line":15,"column":4},"end":{"line":18,"column":5}},"6":{"start":{"line":16,"column":6},"end":{"line":16,"column":23}},"7":{"start":{"line":17,"column":6},"end":{"line":17,"column":13}},"8":{"start":{"line":19,"column":4},"end":{"line":19,"column":22}},"9":{"start":{"line":20,"column":4},"end":{"line":20,"column":29}},"10":{"start":{"line":23,"column":2},"end":{"line":42,"column":4}},"11":{"start":{"line":45,"column":0},"end":{"line":45,"column":22}}},"fnMap":{"0":{"name":"(anonymous_0)","decl":{"start":{"line":6,"column":15},"end":{"line":6,"column":16}},"loc":{"start":{"line":6,"column":49},"end":{"line":43,"column":1}}},"1":{"name":"handleOnChange","decl":{"start":{"line":10,"column":11},"end":{"line":10,"column":25}},"loc":{"start":{"line":10,"column":62},"end":{"line":12,"column":3}}},"2":{"name":"handleOnClick","decl":{"start":{"line":14,"column":11},"end":{"line":14,"column":24}},"loc":{"start":{"line":14,"column":24},"end":{"line":21,"column":3}}}},"branchMap":{"0":{"loc":{"start":{"line":15,"column":4},"end":{"line":18,"column":5}},"type":"if","locations":[{"start":{"line":15,"column":4},"end":{"line":18,"column":5}}]},"1":{"loc":{"start":{"line":40,"column":7},"end":{"line":40,"column":55}},"type":"binary-expr","locations":[{"start":{"line":40,"column":7},"end":{"line":40,"column":14}},{"start":{"line":40,"column":18},"end":{"line":40,"column":55}}]}},"s":{"0":2,"1":2,"2":16,"3":16,"4":1,"5":3,"6":2,"7":2,"8":1,"9":1,"10":16,"11":2},"f":{"0":16,"1":1,"2":3},"b":{"0":[2],"1":[16,2]}}
,"/Users/pablo/Projects/90poe/graphql-application/frontend/src/components/icons/ForkIcon.tsx": {"path":"/Users/pablo/Projects/90poe/graphql-application/frontend/src/components/icons/ForkIcon.tsx","statementMap":{"0":{"start":{"line":1,"column":24},"end":{"line":12,"column":null}},"1":{"start":{"line":2,"column":2},"end":{"line":11,"column":null}},"2":{"start":{"line":1,"column":13},"end":{"line":1,"column":24}}},"fnMap":{"0":{"name":"(anonymous_0)","decl":{"start":{"line":1,"column":24},"end":{"line":1,"column":27}},"loc":{"start":{"line":2,"column":2},"end":{"line":11,"column":null}}}},"branchMap":{},"s":{"0":2,"1":1,"2":2},"f":{"0":1},"b":{}}
,"/Users/pablo/Projects/90poe/graphql-application/frontend/src/components/icons/LeftArrowIcon.tsx": {"path":"/Users/pablo/Projects/90poe/graphql-application/frontend/src/components/icons/LeftArrowIcon.tsx","statementMap":{"0":{"start":{"line":1,"column":29},"end":{"line":4,"column":null}},"1":{"start":{"line":2,"column":2},"end":{"line":3,"column":null}},"2":{"start":{"line":1,"column":13},"end":{"line":1,"column":29}}},"fnMap":{"0":{"name":"(anonymous_0)","decl":{"start":{"line":1,"column":29},"end":{"line":1,"column":32}},"loc":{"start":{"line":2,"column":2},"end":{"line":3,"column":null}}}},"branchMap":{},"s":{"0":2,"1":6,"2":2},"f":{"0":6},"b":{}}
,"/Users/pablo/Projects/90poe/graphql-application/frontend/src/components/icons/RightArrowIcon.tsx": {"path":"/Users/pablo/Projects/90poe/graphql-application/frontend/src/components/icons/RightArrowIcon.tsx","statementMap":{"0":{"start":{"line":1,"column":30},"end":{"line":4,"column":null}},"1":{"start":{"line":2,"column":2},"end":{"line":3,"column":null}},"2":{"start":{"line":1,"column":13},"end":{"line":1,"column":30}}},"fnMap":{"0":{"name":"(anonymous_0)","decl":{"start":{"line":1,"column":30},"end":{"line":1,"column":33}},"loc":{"start":{"line":2,"column":2},"end":{"line":3,"column":null}}}},"branchMap":{},"s":{"0":2,"1":6,"2":2},"f":{"0":6},"b":{}}
,"/Users/pablo/Projects/90poe/graphql-application/frontend/src/components/icons/SpinnerIcon.tsx": {"path":"/Users/pablo/Projects/90poe/graphql-application/frontend/src/components/icons/SpinnerIcon.tsx","statementMap":{"0":{"start":{"line":6,"column":27},"end":{"line":24,"column":null}},"1":{"start":{"line":7,"column":2},"end":{"line":23,"column":null}},"2":{"start":{"line":6,"column":13},"end":{"line":6,"column":27}}},"fnMap":{"0":{"name":"(anonymous_0)","decl":{"start":{"line":6,"column":27},"end":{"line":6,"column":28}},"loc":{"start":{"line":7,"column":2},"end":{"line":23,"column":null}}}},"branchMap":{"0":{"loc":{"start":{"line":6,"column":30},"end":{"line":6,"column":47}},"type":"default-arg","locations":[{"start":{"line":6,"column":38},"end":{"line":6,"column":47}}]},"1":{"loc":{"start":{"line":6,"column":49},"end":{"line":6,"column":58}},"type":"default-arg","locations":[{"start":{"line":6,"column":56},"end":{"line":6,"column":58}}]}},"s":{"0":2,"1":4,"2":2},"f":{"0":4},"b":{"0":[4],"1":[4]}}
,"/Users/pablo/Projects/90poe/graphql-application/frontend/src/components/icons/StarIcon.tsx": {"path":"/Users/pablo/Projects/90poe/graphql-application/frontend/src/components/icons/StarIcon.tsx","statementMap":{"0":{"start":{"line":1,"column":24},"end":{"line":11,"column":null}},"1":{"start":{"line":2,"column":2},"end":{"line":10,"column":null}},"2":{"start":{"line":1,"column":13},"end":{"line":1,"column":24}}},"fnMap":{"0":{"name":"(anonymous_0)","decl":{"start":{"line":1,"column":24},"end":{"line":1,"column":27}},"loc":{"start":{"line":2,"column":2},"end":{"line":10,"column":null}}}},"branchMap":{},"s":{"0":2,"1":1,"2":2},"f":{"0":1},"b":{}}
,"/Users/pablo/Projects/90poe/graphql-application/frontend/src/components/icons/index.tsx": {"path":"/Users/pablo/Projects/90poe/graphql-application/frontend/src/components/icons/index.tsx","statementMap":{"0":{"start":{"line":1,"column":0},"end":{"line":1,"column":9}},"1":{"start":{"line":1,"column":9},"end":{"line":1,"column":37}},"2":{"start":{"line":2,"column":0},"end":{"line":2,"column":9}},"3":{"start":{"line":2,"column":9},"end":{"line":2,"column":37}},"4":{"start":{"line":3,"column":0},"end":{"line":3,"column":9}},"5":{"start":{"line":3,"column":9},"end":{"line":3,"column":43}},"6":{"start":{"line":4,"column":0},"end":{"line":4,"column":9}},"7":{"start":{"line":4,"column":9},"end":{"line":4,"column":47}},"8":{"start":{"line":5,"column":0},"end":{"line":5,"column":9}},"9":{"start":{"line":5,"column":9},"end":{"line":5,"column":49}}},"fnMap":{"0":{"name":"(anonymous_0)","decl":{"start":{"line":1,"column":9},"end":{"line":1,"column":17}},"loc":{"start":{"line":1,"column":9},"end":{"line":1,"column":37}}},"1":{"name":"(anonymous_1)","decl":{"start":{"line":2,"column":9},"end":{"line":2,"column":17}},"loc":{"start":{"line":2,"column":9},"end":{"line":2,"column":37}}},"2":{"name":"(anonymous_2)","decl":{"start":{"line":3,"column":9},"end":{"line":3,"column":20}},"loc":{"start":{"line":3,"column":9},"end":{"line":3,"column":43}}},"3":{"name":"(anonymous_3)","decl":{"start":{"line":4,"column":9},"end":{"line":4,"column":22}},"loc":{"start":{"line":4,"column":9},"end":{"line":4,"column":47}}},"4":{"name":"(anonymous_4)","decl":{"start":{"line":5,"column":9},"end":{"line":5,"column":23}},"loc":{"start":{"line":5,"column":9},"end":{"line":5,"column":49}}}},"branchMap":{},"s":{"0":2,"1":3,"2":2,"3":3,"4":2,"5":6,"6":2,"7":8,"8":2,"9":8},"f":{"0":1,"1":1,"2":4,"3":6,"4":6},"b":{}}
,"/Users/pablo/Projects/90poe/graphql-application/frontend/src/queries/RepositoriesQuery.ts": {"path":"/Users/pablo/Projects/90poe/graphql-application/frontend/src/queries/RepositoriesQuery.ts","statementMap":{"0":{"start":{"line":1,"column":0},"end":{"line":1,"column":36}},"1":{"start":{"line":3,"column":13},"end":{"line":34,"column":null}}},"fnMap":{},"branchMap":{},"s":{"0":1,"1":1},"f":{},"b":{}}
}
