TN:
SF:src/App/index.tsx
FN:38,App
FN:59,(anonymous_1)
FN:62,(anonymous_2)
FN:87,handleSearch
FN:92,(anonymous_4)
FN:95,(anonymous_5)
FN:100,handlePageClick
FN:143,(anonymous_7)
FN:147,(anonymous_8)
FN:151,(anonymous_9)
FN:166,(anonymous_10)
FN:167,(anonymous_11)
FNF:12
FNH:3
FNDA:8,App
FNDA:4,(anonymous_1)
FNDA:1,(anonymous_2)
FNDA:0,handleSearch
FNDA:0,(anonymous_4)
FNDA:0,(anonymous_5)
FNDA:0,handlePageClick
FNDA:0,(anonymous_7)
FNDA:0,(anonymous_8)
FNDA:0,(anonymous_9)
FNDA:0,(anonymous_10)
FNDA:0,(anonymous_11)
DA:1,1
DA:2,1
DA:3,1
DA:5,1
DA:6,1
DA:7,1
DA:8,1
DA:9,1
DA:35,1
DA:36,1
DA:39,8
DA:40,8
DA:41,8
DA:42,8
DA:43,8
DA:44,8
DA:46,8
DA:59,8
DA:60,4
DA:61,4
DA:62,1
DA:70,1
DA:71,1
DA:77,1
DA:78,1
DA:79,1
DA:83,8
DA:84,0
DA:88,0
DA:89,0
DA:93,0
DA:96,0
DA:101,0
DA:107,0
DA:108,0
DA:110,0
DA:112,0
DA:118,0
DA:119,0
DA:121,0
DA:127,0
DA:129,0
DA:130,0
DA:131,0
DA:137,0
DA:140,0
DA:144,0
DA:146,0
DA:147,0
DA:148,0
DA:149,0
DA:151,0
DA:156,0
DA:162,0
DA:163,0
DA:164,0
DA:166,0
DA:167,0
DA:170,8
DA:204,1
LF:60
LH:29
BRDA:61,0,0,1
BRDA:61,1,0,4
BRDA:61,1,1,1
BRDA:83,2,0,0
BRDA:110,3,0,0
BRDA:110,3,1,0
BRDA:119,4,0,0
BRDA:119,4,1,0
BRDA:146,5,0,0
BRDA:146,5,1,0
BRDA:148,6,0,0
BRDA:177,7,0,4
BRDA:177,7,1,4
BRDA:184,8,0,1
BRDA:184,8,1,3
BRDA:187,9,0,1
BRDA:187,9,1,1
BRF:17
BRH:9
end_of_record
TN:
SF:src/components/TableList.tsx
FN:8,TableList
FN:22,(anonymous_1)
FNF:2
FNH:2
FNDA:1,TableList
FNDA:1,(anonymous_1)
DA:2,1
DA:10,1
DA:23,1
DA:46,1
LF:4
LH:4
BRDA:23,0,0,1
BRDA:23,0,1,0
BRF:2
BRH:1
end_of_record
TN:
SF:src/components/Pagination/index.tsx
FN:10,(anonymous_0)
FN:19,(anonymous_1)
FN:36,(anonymous_2)
FN:50,(anonymous_3)
FN:64,(anonymous_4)
FN:80,(anonymous_5)
FNF:6
FNH:5
FNDA:30,(anonymous_0)
FNDA:1,(anonymous_1)
FNDA:12,(anonymous_2)
FNDA:0,(anonymous_3)
FNDA:6,(anonymous_4)
FNDA:30,(anonymous_5)
DA:2,2
DA:10,2
DA:11,30
DA:20,1
DA:21,0
DA:23,1
DA:36,2
DA:42,12
DA:50,0
DA:64,2
DA:71,6
DA:81,30
DA:99,2
DA:111,2
LF:14
LH:12
BRDA:15,0,0,6
BRDA:15,0,1,24
BRDA:20,1,0,0
BRDA:46,2,0,5
BRDA:46,2,1,7
BRDA:50,3,0,0
BRDA:50,3,1,0
BRF:7
BRH:4
end_of_record
TN:
SF:src/components/Search/index.tsx
FN:6,(anonymous_0)
FN:10,handleOnChange
FN:14,handleOnClick
FNF:3
FNH:3
FNDA:16,(anonymous_0)
FNDA:1,handleOnChange
FNDA:3,handleOnClick
DA:1,2
DA:6,2
DA:7,16
DA:8,16
DA:11,1
DA:15,3
DA:16,2
DA:17,2
DA:19,1
DA:20,1
DA:23,16
DA:45,2
LF:12
LH:12
BRDA:15,0,0,2
BRDA:40,1,0,16
BRDA:40,1,1,2
BRF:3
BRH:3
end_of_record
TN:
SF:src/components/icons/ForkIcon.tsx
FN:1,(anonymous_0)
FNF:1
FNH:1
FNDA:1,(anonymous_0)
DA:1,2
DA:2,1
LF:2
LH:2
BRF:0
BRH:0
end_of_record
TN:
SF:src/components/icons/LeftArrowIcon.tsx
FN:1,(anonymous_0)
FNF:1
FNH:1
FNDA:6,(anonymous_0)
DA:1,2
DA:2,6
LF:2
LH:2
BRF:0
BRH:0
end_of_record
TN:
SF:src/components/icons/RightArrowIcon.tsx
FN:1,(anonymous_0)
FNF:1
FNH:1
FNDA:6,(anonymous_0)
DA:1,2
DA:2,6
LF:2
LH:2
BRF:0
BRH:0
end_of_record
TN:
SF:src/components/icons/SpinnerIcon.tsx
FN:6,(anonymous_0)
FNF:1
FNH:1
FNDA:4,(anonymous_0)
DA:6,2
DA:7,4
LF:2
LH:2
BRDA:6,0,0,4
BRDA:6,1,0,4
BRF:2
BRH:2
end_of_record
TN:
SF:src/components/icons/StarIcon.tsx
FN:1,(anonymous_0)
FNF:1
FNH:1
FNDA:1,(anonymous_0)
DA:1,2
DA:2,1
LF:2
LH:2
BRF:0
BRH:0
end_of_record
TN:
SF:src/components/icons/index.tsx
FN:1,(anonymous_0)
FN:2,(anonymous_1)
FN:3,(anonymous_2)
FN:4,(anonymous_3)
FN:5,(anonymous_4)
FNF:5
FNH:5
FNDA:1,(anonymous_0)
FNDA:1,(anonymous_1)
FNDA:4,(anonymous_2)
FNDA:6,(anonymous_3)
FNDA:6,(anonymous_4)
DA:1,3
DA:2,3
DA:3,6
DA:4,8
DA:5,8
LF:5
LH:5
BRF:0
BRH:0
end_of_record
TN:
SF:src/queries/RepositoriesQuery.ts
FNF:0
FNH:0
DA:1,1
DA:3,1
LF:2
LH:2
BRF:0
BRH:0
end_of_record
